<?xml version="1.0" encoding="UTF-8"?>
<testsuite xmlns:xsi="http://www.w3.org/2001/XMLSchema-instance" xsi:noNamespaceSchemaLocation="https://maven.apache.org/surefire/maven-surefire-plugin/xsd/surefire-test-report.xsd" version="3.0.2" name="TestSuite" time="10.112" tests="11" errors="0" skipped="0" failures="0">
  <properties>
    <property name="java.specification.version" value="22"/>
    <property name="sun.cpu.isalist" value="amd64"/>
    <property name="sun.jnu.encoding" value="Cp1252"/>
    <property name="java.class.path" value="C:\Users\sansr\maven-workspace\PetStoreAutomation\target\test-classes;C:\Users\sansr\maven-workspace\PetStoreAutomation\target\classes;C:\Users\sansr\.m2\repository\io\rest-assured\rest-assured\5.5.0\rest-assured-5.5.0.jar;C:\Users\sansr\.m2\repository\org\apache\groovy\groovy\4.0.22\groovy-4.0.22.jar;C:\Users\sansr\.m2\repository\org\apache\groovy\groovy-xml\4.0.22\groovy-xml-4.0.22.jar;C:\Users\sansr\.m2\repository\org\apache\httpcomponents\httpclient\4.5.13\httpclient-4.5.13.jar;C:\Users\sansr\.m2\repository\org\apache\httpcomponents\httpcore\4.4.13\httpcore-4.4.13.jar;C:\Users\sansr\.m2\repository\commons-logging\commons-logging\1.2\commons-logging-1.2.jar;C:\Users\sansr\.m2\repository\org\apache\httpcomponents\httpmime\4.5.13\httpmime-4.5.13.jar;C:\Users\sansr\.m2\repository\org\hamcrest\hamcrest\2.2\hamcrest-2.2.jar;C:\Users\sansr\.m2\repository\org\ccil\cowan\tagsoup\tagsoup\1.2.1\tagsoup-1.2.1.jar;C:\Users\sansr\.m2\repository\io\rest-assured\xml-path\5.5.0\xml-path-5.5.0.jar;C:\Users\sansr\.m2\repository\io\rest-assured\json-path\5.5.0\json-path-5.5.0.jar;C:\Users\sansr\.m2\repository\org\apache\groovy\groovy-json\4.0.22\groovy-json-4.0.22.jar;C:\Users\sansr\.m2\repository\io\rest-assured\rest-assured-common\5.5.0\rest-assured-common-5.5.0.jar;C:\Users\sansr\.m2\repository\org\json\json\20240303\json-20240303.jar;C:\Users\sansr\.m2\repository\org\testng\testng\7.10.2\testng-7.10.2.jar;C:\Users\sansr\.m2\repository\org\slf4j\slf4j-api\1.7.36\slf4j-api-1.7.36.jar;C:\Users\sansr\.m2\repository\com\beust\jcommander\1.82\jcommander-1.82.jar;C:\Users\sansr\.m2\repository\org\webjars\jquery\3.7.1\jquery-3.7.1.jar;C:\Users\sansr\.m2\repository\com\github\scribejava\scribejava-apis\8.3.3\scribejava-apis-8.3.3.jar;C:\Users\sansr\.m2\repository\com\github\scribejava\scribejava-core\8.3.3\scribejava-core-8.3.3.jar;C:\Users\sansr\.m2\repository\com\github\scribejava\scribejava-java8\8.3.3\scribejava-java8-8.3.3.jar;C:\Users\sansr\.m2\repository\com\fasterxml\jackson\core\jackson-databind\2.14.0\jackson-databind-2.14.0.jar;C:\Users\sansr\.m2\repository\com\fasterxml\jackson\core\jackson-annotations\2.14.0\jackson-annotations-2.14.0.jar;C:\Users\sansr\.m2\repository\com\fasterxml\jackson\core\jackson-core\2.14.0\jackson-core-2.14.0.jar;C:\Users\sansr\.m2\repository\io\rest-assured\json-schema-validator\5.5.0\json-schema-validator-5.5.0.jar;C:\Users\sansr\.m2\repository\com\github\java-json-tools\json-schema-validator\2.2.14\json-schema-validator-2.2.14.jar;C:\Users\sansr\.m2\repository\com\github\java-json-tools\jackson-coreutils-equivalence\1.0\jackson-coreutils-equivalence-1.0.jar;C:\Users\sansr\.m2\repository\com\github\java-json-tools\jackson-coreutils\2.0\jackson-coreutils-2.0.jar;C:\Users\sansr\.m2\repository\com\github\java-json-tools\msg-simple\1.2\msg-simple-1.2.jar;C:\Users\sansr\.m2\repository\com\github\java-json-tools\btf\1.3\btf-1.3.jar;C:\Users\sansr\.m2\repository\com\github\java-json-tools\json-schema-core\1.2.14\json-schema-core-1.2.14.jar;C:\Users\sansr\.m2\repository\com\github\java-json-tools\uri-template\0.10\uri-template-0.10.jar;C:\Users\sansr\.m2\repository\org\mozilla\rhino\1.7.7.2\rhino-1.7.7.2.jar;C:\Users\sansr\.m2\repository\com\sun\mail\mailapi\1.6.2\mailapi-1.6.2.jar;C:\Users\sansr\.m2\repository\joda-time\joda-time\2.10.5\joda-time-2.10.5.jar;C:\Users\sansr\.m2\repository\com\googlecode\libphonenumber\libphonenumber\8.11.1\libphonenumber-8.11.1.jar;C:\Users\sansr\.m2\repository\com\google\code\findbugs\jsr305\3.0.2\jsr305-3.0.2.jar;C:\Users\sansr\.m2\repository\net\sf\jopt-simple\jopt-simple\5.0.4\jopt-simple-5.0.4.jar;C:\Users\sansr\.m2\repository\com\google\guava\guava\33.2.1-jre\guava-33.2.1-jre.jar;C:\Users\sansr\.m2\repository\com\google\guava\failureaccess\1.0.2\failureaccess-1.0.2.jar;C:\Users\sansr\.m2\repository\com\google\guava\listenablefuture\9999.0-empty-to-avoid-conflict-with-guava\listenablefuture-9999.0-empty-to-avoid-conflict-with-guava.jar;C:\Users\sansr\.m2\repository\org\checkerframework\checker-qual\3.42.0\checker-qual-3.42.0.jar;C:\Users\sansr\.m2\repository\com\google\errorprone\error_prone_annotations\2.26.1\error_prone_annotations-2.26.1.jar;C:\Users\sansr\.m2\repository\com\google\j2objc\j2objc-annotations\3.0.0\j2objc-annotations-3.0.0.jar;C:\Users\sansr\.m2\repository\com\github\javafaker\javafaker\1.0.2\javafaker-1.0.2.jar;C:\Users\sansr\.m2\repository\org\apache\commons\commons-lang3\3.5\commons-lang3-3.5.jar;C:\Users\sansr\.m2\repository\org\yaml\snakeyaml\1.23\snakeyaml-1.23-android.jar;C:\Users\sansr\.m2\repository\com\github\mifmif\generex\1.0.2\generex-1.0.2.jar;C:\Users\sansr\.m2\repository\dk\brics\automaton\automaton\1.11-8\automaton-1.11-8.jar;C:\Users\sansr\.m2\repository\com\aventstack\extentreports\5.1.2\extentreports-5.1.2.jar;C:\Users\sansr\.m2\repository\io\reactivex\rxjava3\rxjava\3.1.6\rxjava-3.1.6.jar;C:\Users\sansr\.m2\repository\org\reactivestreams\reactive-streams\1.0.4\reactive-streams-1.0.4.jar;C:\Users\sansr\.m2\repository\org\freemarker\freemarker\2.3.32\freemarker-2.3.32.jar;C:\Users\sansr\.m2\repository\org\projectlombok\lombok\1.18.26\lombok-1.18.26.jar;C:\Users\sansr\.m2\repository\com\google\code\gson\gson\2.10.1\gson-2.10.1.jar;C:\Users\sansr\.m2\repository\org\apache\poi\poi\5.3.0\poi-5.3.0.jar;C:\Users\sansr\.m2\repository\commons-codec\commons-codec\1.17.0\commons-codec-1.17.0.jar;C:\Users\sansr\.m2\repository\org\apache\commons\commons-collections4\4.4\commons-collections4-4.4.jar;C:\Users\sansr\.m2\repository\org\apache\commons\commons-math3\3.6.1\commons-math3-3.6.1.jar;C:\Users\sansr\.m2\repository\commons-io\commons-io\2.16.1\commons-io-2.16.1.jar;C:\Users\sansr\.m2\repository\com\zaxxer\SparseBitSet\1.3\SparseBitSet-1.3.jar;C:\Users\sansr\.m2\repository\org\apache\poi\poi-ooxml\5.3.0\poi-ooxml-5.3.0.jar;C:\Users\sansr\.m2\repository\org\apache\poi\poi-ooxml-lite\5.3.0\poi-ooxml-lite-5.3.0.jar;C:\Users\sansr\.m2\repository\org\apache\xmlbeans\xmlbeans\5.2.1\xmlbeans-5.2.1.jar;C:\Users\sansr\.m2\repository\org\apache\commons\commons-compress\1.26.2\commons-compress-1.26.2.jar;C:\Users\sansr\.m2\repository\com\github\virtuald\curvesapi\1.08\curvesapi-1.08.jar;C:\Users\sansr\.m2\repository\org\apache\logging\log4j\log4j-api\2.23.1\log4j-api-2.23.1.jar;C:\Users\sansr\.m2\repository\org\apache\logging\log4j\log4j-core\2.23.1\log4j-core-2.23.1.jar;"/>
    <property name="java.vm.vendor" value="Oracle Corporation"/>
    <property name="sun.arch.data.model" value="64"/>
    <property name="user.variant" value=""/>
    <property name="java.vendor.url" value="https://java.oracle.com/"/>
    <property name="user.timezone" value="America/Los_Angeles"/>
    <property name="os.name" value="Windows 11"/>
    <property name="java.vm.specification.version" value="22"/>
    <property name="sun.java.launcher" value="SUN_STANDARD"/>
    <property name="user.country" value="US"/>
    <property name="sun.boot.library.path" value="C:\Program Files\Java\jdk-22\bin"/>
    <property name="sun.java.command" value="C:\Users\sansr\AppData\Local\Temp\surefire4761504913251362476\surefirebooter-20240830194943793_3.jar C:\Users\sansr\AppData\Local\Temp\surefire4761504913251362476 2024-08-30T19-49-43_697-jvmRun1 surefire-20240830194943793_1tmp surefire_0-20240830194943793_2tmp"/>
    <property name="jdk.debug" value="release"/>
    <property name="surefire.test.class.path" value="C:\Users\sansr\maven-workspace\PetStoreAutomation\target\test-classes;C:\Users\sansr\maven-workspace\PetStoreAutomation\target\classes;C:\Users\sansr\.m2\repository\io\rest-assured\rest-assured\5.5.0\rest-assured-5.5.0.jar;C:\Users\sansr\.m2\repository\org\apache\groovy\groovy\4.0.22\groovy-4.0.22.jar;C:\Users\sansr\.m2\repository\org\apache\groovy\groovy-xml\4.0.22\groovy-xml-4.0.22.jar;C:\Users\sansr\.m2\repository\org\apache\httpcomponents\httpclient\4.5.13\httpclient-4.5.13.jar;C:\Users\sansr\.m2\repository\org\apache\httpcomponents\httpcore\4.4.13\httpcore-4.4.13.jar;C:\Users\sansr\.m2\repository\commons-logging\commons-logging\1.2\commons-logging-1.2.jar;C:\Users\sansr\.m2\repository\org\apache\httpcomponents\httpmime\4.5.13\httpmime-4.5.13.jar;C:\Users\sansr\.m2\repository\org\hamcrest\hamcrest\2.2\hamcrest-2.2.jar;C:\Users\sansr\.m2\repository\org\ccil\cowan\tagsoup\tagsoup\1.2.1\tagsoup-1.2.1.jar;C:\Users\sansr\.m2\repository\io\rest-assured\xml-path\5.5.0\xml-path-5.5.0.jar;C:\Users\sansr\.m2\repository\io\rest-assured\json-path\5.5.0\json-path-5.5.0.jar;C:\Users\sansr\.m2\repository\org\apache\groovy\groovy-json\4.0.22\groovy-json-4.0.22.jar;C:\Users\sansr\.m2\repository\io\rest-assured\rest-assured-common\5.5.0\rest-assured-common-5.5.0.jar;C:\Users\sansr\.m2\repository\org\json\json\20240303\json-20240303.jar;C:\Users\sansr\.m2\repository\org\testng\testng\7.10.2\testng-7.10.2.jar;C:\Users\sansr\.m2\repository\org\slf4j\slf4j-api\1.7.36\slf4j-api-1.7.36.jar;C:\Users\sansr\.m2\repository\com\beust\jcommander\1.82\jcommander-1.82.jar;C:\Users\sansr\.m2\repository\org\webjars\jquery\3.7.1\jquery-3.7.1.jar;C:\Users\sansr\.m2\repository\com\github\scribejava\scribejava-apis\8.3.3\scribejava-apis-8.3.3.jar;C:\Users\sansr\.m2\repository\com\github\scribejava\scribejava-core\8.3.3\scribejava-core-8.3.3.jar;C:\Users\sansr\.m2\repository\com\github\scribejava\scribejava-java8\8.3.3\scribejava-java8-8.3.3.jar;C:\Users\sansr\.m2\repository\com\fasterxml\jackson\core\jackson-databind\2.14.0\jackson-databind-2.14.0.jar;C:\Users\sansr\.m2\repository\com\fasterxml\jackson\core\jackson-annotations\2.14.0\jackson-annotations-2.14.0.jar;C:\Users\sansr\.m2\repository\com\fasterxml\jackson\core\jackson-core\2.14.0\jackson-core-2.14.0.jar;C:\Users\sansr\.m2\repository\io\rest-assured\json-schema-validator\5.5.0\json-schema-validator-5.5.0.jar;C:\Users\sansr\.m2\repository\com\github\java-json-tools\json-schema-validator\2.2.14\json-schema-validator-2.2.14.jar;C:\Users\sansr\.m2\repository\com\github\java-json-tools\jackson-coreutils-equivalence\1.0\jackson-coreutils-equivalence-1.0.jar;C:\Users\sansr\.m2\repository\com\github\java-json-tools\jackson-coreutils\2.0\jackson-coreutils-2.0.jar;C:\Users\sansr\.m2\repository\com\github\java-json-tools\msg-simple\1.2\msg-simple-1.2.jar;C:\Users\sansr\.m2\repository\com\github\java-json-tools\btf\1.3\btf-1.3.jar;C:\Users\sansr\.m2\repository\com\github\java-json-tools\json-schema-core\1.2.14\json-schema-core-1.2.14.jar;C:\Users\sansr\.m2\repository\com\github\java-json-tools\uri-template\0.10\uri-template-0.10.jar;C:\Users\sansr\.m2\repository\org\mozilla\rhino\1.7.7.2\rhino-1.7.7.2.jar;C:\Users\sansr\.m2\repository\com\sun\mail\mailapi\1.6.2\mailapi-1.6.2.jar;C:\Users\sansr\.m2\repository\joda-time\joda-time\2.10.5\joda-time-2.10.5.jar;C:\Users\sansr\.m2\repository\com\googlecode\libphonenumber\libphonenumber\8.11.1\libphonenumber-8.11.1.jar;C:\Users\sansr\.m2\repository\com\google\code\findbugs\jsr305\3.0.2\jsr305-3.0.2.jar;C:\Users\sansr\.m2\repository\net\sf\jopt-simple\jopt-simple\5.0.4\jopt-simple-5.0.4.jar;C:\Users\sansr\.m2\repository\com\google\guava\guava\33.2.1-jre\guava-33.2.1-jre.jar;C:\Users\sansr\.m2\repository\com\google\guava\failureaccess\1.0.2\failureaccess-1.0.2.jar;C:\Users\sansr\.m2\repository\com\google\guava\listenablefuture\9999.0-empty-to-avoid-conflict-with-guava\listenablefuture-9999.0-empty-to-avoid-conflict-with-guava.jar;C:\Users\sansr\.m2\repository\org\checkerframework\checker-qual\3.42.0\checker-qual-3.42.0.jar;C:\Users\sansr\.m2\repository\com\google\errorprone\error_prone_annotations\2.26.1\error_prone_annotations-2.26.1.jar;C:\Users\sansr\.m2\repository\com\google\j2objc\j2objc-annotations\3.0.0\j2objc-annotations-3.0.0.jar;C:\Users\sansr\.m2\repository\com\github\javafaker\javafaker\1.0.2\javafaker-1.0.2.jar;C:\Users\sansr\.m2\repository\org\apache\commons\commons-lang3\3.5\commons-lang3-3.5.jar;C:\Users\sansr\.m2\repository\org\yaml\snakeyaml\1.23\snakeyaml-1.23-android.jar;C:\Users\sansr\.m2\repository\com\github\mifmif\generex\1.0.2\generex-1.0.2.jar;C:\Users\sansr\.m2\repository\dk\brics\automaton\automaton\1.11-8\automaton-1.11-8.jar;C:\Users\sansr\.m2\repository\com\aventstack\extentreports\5.1.2\extentreports-5.1.2.jar;C:\Users\sansr\.m2\repository\io\reactivex\rxjava3\rxjava\3.1.6\rxjava-3.1.6.jar;C:\Users\sansr\.m2\repository\org\reactivestreams\reactive-streams\1.0.4\reactive-streams-1.0.4.jar;C:\Users\sansr\.m2\repository\org\freemarker\freemarker\2.3.32\freemarker-2.3.32.jar;C:\Users\sansr\.m2\repository\org\projectlombok\lombok\1.18.26\lombok-1.18.26.jar;C:\Users\sansr\.m2\repository\com\google\code\gson\gson\2.10.1\gson-2.10.1.jar;C:\Users\sansr\.m2\repository\org\apache\poi\poi\5.3.0\poi-5.3.0.jar;C:\Users\sansr\.m2\repository\commons-codec\commons-codec\1.17.0\commons-codec-1.17.0.jar;C:\Users\sansr\.m2\repository\org\apache\commons\commons-collections4\4.4\commons-collections4-4.4.jar;C:\Users\sansr\.m2\repository\org\apache\commons\commons-math3\3.6.1\commons-math3-3.6.1.jar;C:\Users\sansr\.m2\repository\commons-io\commons-io\2.16.1\commons-io-2.16.1.jar;C:\Users\sansr\.m2\repository\com\zaxxer\SparseBitSet\1.3\SparseBitSet-1.3.jar;C:\Users\sansr\.m2\repository\org\apache\poi\poi-ooxml\5.3.0\poi-ooxml-5.3.0.jar;C:\Users\sansr\.m2\repository\org\apache\poi\poi-ooxml-lite\5.3.0\poi-ooxml-lite-5.3.0.jar;C:\Users\sansr\.m2\repository\org\apache\xmlbeans\xmlbeans\5.2.1\xmlbeans-5.2.1.jar;C:\Users\sansr\.m2\repository\org\apache\commons\commons-compress\1.26.2\commons-compress-1.26.2.jar;C:\Users\sansr\.m2\repository\com\github\virtuald\curvesapi\1.08\curvesapi-1.08.jar;C:\Users\sansr\.m2\repository\org\apache\logging\log4j\log4j-api\2.23.1\log4j-api-2.23.1.jar;C:\Users\sansr\.m2\repository\org\apache\logging\log4j\log4j-core\2.23.1\log4j-core-2.23.1.jar;"/>
    <property name="sun.cpu.endian" value="little"/>
    <property name="user.home" value="C:\Users\sansr"/>
    <property name="user.language" value="en"/>
    <property name="java.specification.vendor" value="Oracle Corporation"/>
    <property name="java.version.date" value="2024-04-16"/>
    <property name="java.home" value="C:\Program Files\Java\jdk-22"/>
    <property name="file.separator" value="\"/>
    <property name="basedir" value="C:\Users\sansr\maven-workspace\PetStoreAutomation"/>
    <property name="java.vm.compressedOopsMode" value="Zero based"/>
    <property name="line.separator" value="&#10;"/>
    <property name="java.vm.specification.vendor" value="Oracle Corporation"/>
    <property name="java.specification.name" value="Java Platform API Specification"/>
    <property name="surefire.real.class.path" value="C:\Users\sansr\AppData\Local\Temp\surefire4761504913251362476\surefirebooter-20240830194943793_3.jar"/>
    <property name="user.script" value=""/>
    <property name="sun.management.compiler" value="HotSpot 64-Bit Tiered Compilers"/>
    <property name="java.runtime.version" value="22.0.1+8-16"/>
    <property name="user.name" value="sansr"/>
    <property name="stdout.encoding" value="Cp1252"/>
    <property name="path.separator" value=";"/>
    <property name="os.version" value="10.0"/>
    <property name="java.runtime.name" value="Java(TM) SE Runtime Environment"/>
    <property name="file.encoding" value="UTF-8"/>
    <property name="java.vm.name" value="Java HotSpot(TM) 64-Bit Server VM"/>
    <property name="localRepository" value="C:\Users\sansr\.m2\repository"/>
    <property name="java.vendor.url.bug" value="https://bugreport.java.com/bugreport/"/>
    <property name="java.io.tmpdir" value="C:\Users\sansr\AppData\Local\Temp\"/>
    <property name="java.version" value="22.0.1"/>
    <property name="user.dir" value="C:\Users\sansr\maven-workspace\PetStoreAutomation"/>
    <property name="os.arch" value="amd64"/>
    <property name="java.vm.specification.name" value="Java Virtual Machine Specification"/>
    <property name="sun.os.patch.level" value=""/>
    <property name="native.encoding" value="Cp1252"/>
    <property name="java.library.path" value="C:\Program Files\Java\jdk-22\bin;C:\Windows\Sun\Java\bin;C:\Windows\system32;C:\Windows;C:\Program Files\Common Files\Oracle\Java\javapath;C:\Windows\system32;C:\Windows;C:\Windows\System32\Wbem;C:\Windows\System32\WindowsPowerShell\v1.0\;C:\Windows\System32\OpenSSH\;C:\Program Files\Microsoft SQL Server\150\Tools\Binn\;C:\Program Files\Microsoft SQL Server\Client SDK\ODBC\170\Tools\Binn\;C:\Program Files\dotnet\;C:\Program Files\Java\jdk-22\bin;C:\selenium webdriver\ChromeDriver\chromedriver-win64\chromedriver-win64;C:\selenium webdriver\geckodriver-v0.34.0-win64;C:\apache-maven-3.9.9-bin\apache-maven-3.9.9\bin;C:\Users\sansr\AppData\Local\Microsoft\WindowsApps;C:\Users\sansr\.dotnet\tools;C:\Users\sansr\AppData\Local\Programs\Microsoft VS Code\bin;C:\Users\sansr\AppData\Local\GitHubDesktop\bin;;."/>
    <property name="java.vm.info" value="mixed mode, sharing"/>
    <property name="stderr.encoding" value="Cp1252"/>
    <property name="java.vendor" value="Oracle Corporation"/>
    <property name="java.vm.version" value="22.0.1+8-16"/>
    <property name="sun.io.unicode.encoding" value="UnicodeLittle"/>
    <property name="java.class.version" value="66.0"/>
  </properties>
  <testcase name="UploadPetImage" classname="api.test.PetTests" time="2.789">
    <system-out><![CDATA[Test-Report-2024.08.30.19.49.44.html
img_filename src\test\resources\dog3.jpg
HTTP/1.1 200 OK
Date: Sat, 31 Aug 2024 02:49:48 GMT
Content-Type: application/json
Transfer-Encoding: chunked
Connection: keep-alive
Access-Control-Allow-Origin: *
Access-Control-Allow-Methods: GET, POST, DELETE, PUT
Access-Control-Allow-Headers: Content-Type, api_key, Authorization
Server: Jetty(9.2.9.v20150224)

{
    "code": 200,
    "type": "unknown",
    "message": "additionalMetadata: this is additional metadata\nFile uploaded to ./dog3.jpg, 11810 bytes"
}
Upload Image Response Body is: {"code":200,"type":"unknown","message":"additionalMetadata: this is additional metadata\nFile uploaded to ./dog3.jpg, 11810 bytes"}
]]></system-out>
    <system-err><![CDATA[SLF4J: Failed to load class "org.slf4j.impl.StaticLoggerBinder".
SLF4J: Defaulting to no-operation (NOP) logger implementation
SLF4J: See http://www.slf4j.org/codes.html#StaticLoggerBinder for further details.
]]></system-err>
  </testcase>
  <testcase name="TestPostPet" classname="api.test.PetTests" time="0.728">
    <system-out><![CDATA[HTTP/1.1 200 OK
Date: Sat, 31 Aug 2024 02:49:49 GMT
Content-Type: application/json
Transfer-Encoding: chunked
Connection: keep-alive
Access-Control-Allow-Origin: *
Access-Control-Allow-Methods: GET, POST, DELETE, PUT
Access-Control-Allow-Headers: Content-Type, api_key, Authorization
Server: Jetty(9.2.9.v20150224)

{
    "id": 1398063054,
    "category": {
        "id": 1634387050,
        "name": "Paul Hauck"
    },
    "name": "Gertrudis Breitenberg",
    "photoUrls": [
        "https://klike.net/uploads/posts/2023-01/1675061232_3-62.jpg",
        "two.jpg",
        "three.jpg"
    ],
    "tags": [
        {
            "id": 110197684,
            "name": "Mrs. Raylene Thompson"
        },
        {
            "id": 1545308588,
            "name": "Jada Reichel Jr."
        },
        {
            "id": 411825368,
            "name": "Marcus Harber MD"
        }
    ],
    "status": "pending"
}
Response Body is: {"id":1398063054,"category":{"id":1634387050,"name":"Paul Hauck"},"name":"Gertrudis Breitenberg","photoUrls":["https://klike.net/uploads/posts/2023-01/1675061232_3-62.jpg","two.jpg","three.jpg"],"tags":[{"id":110197684,"name":"Mrs. Raylene Thompson"},{"id":1545308588,"name":"Jada Reichel Jr."},{"id":411825368,"name":"Marcus Harber MD"}],"status":"pending"}
]]></system-out>
  </testcase>
  <testcase name="TestGetPetByStatus" classname="api.test.PetTests" time="0.593">
    <system-out><![CDATA[HTTP/1.1 200 OK
Date: Sat, 31 Aug 2024 02:49:50 GMT
Content-Type: application/json
Transfer-Encoding: chunked
Connection: keep-alive
Access-Control-Allow-Origin: *
Access-Control-Allow-Methods: GET, POST, DELETE, PUT
Access-Control-Allow-Headers: Content-Type, api_key, Authorization
Server: Jetty(9.2.9.v20150224)

[
    {
        "id": 9222968140497181304,
        "category": {
            "id": 0,
            "name": "string"
        },
        "name": "doggie",
        "photoUrls": [
            "string"
        ],
        "tags": [
            {
                "id": 0,
                "name": "string"
            }
        ],
        "status": "pending"
    },
    {
        "id": 235,
        "category": {
            "id": 0,
            "name": "Aldo"
        },
        "name": "Dog",
        "photoUrls": [
            "www.ornekolacakyadim1.com",
            "www.ornekolacakyadim2.com"
        ],
        "tags": [
            {
                "id": 0,
                "name": "Seven"
            },
            {
                "id": 0,
                "name": "Eight"
            }
        ],
        "status": "pending"
    },
    {
        "id": 1398063054,
        "category": {
            "id": 1634387050,
            "name": "Paul Hauck"
        },
        "name": "Gertrudis Breitenberg",
        "photoUrls": [
            "https://klike.net/uploads/posts/2023-01/1675061232_3-62.jpg",
            "two.jpg",
            "three.jpg"
        ],
        "tags": [
            {
                "id": 110197684,
                "name": "Mrs. Raylene Thompson"
            },
            {
                "id": 1545308588,
                "name": "Jada Reichel Jr."
            },
            {
                "id": 411825368,
                "name": "Marcus Harber MD"
            }
        ],
        "status": "pending"
    }
]
Response for pending status is: [{"id":9222968140497181304,"category":{"id":0,"name":"string"},"name":"doggie","photoUrls":["string"],"tags":[{"id":0,"name":"string"}],"status":"pending"},{"id":235,"category":{"id":0,"name":"Aldo"},"name":"Dog","photoUrls":["www.ornekolacakyadim1.com","www.ornekolacakyadim2.com"],"tags":[{"id":0,"name":"Seven"},{"id":0,"name":"Eight"}],"status":"pending"},{"id":1398063054,"category":{"id":1634387050,"name":"Paul Hauck"},"name":"Gertrudis Breitenberg","photoUrls":["https://klike.net/uploads/posts/2023-01/1675061232_3-62.jpg","two.jpg","three.jpg"],"tags":[{"id":110197684,"name":"Mrs. Raylene Thompson"},{"id":1545308588,"name":"Jada Reichel Jr."},{"id":411825368,"name":"Marcus Harber MD"}],"status":"pending"}]
]]></system-out>
  </testcase>
  <testcase name="TestGetPetByID" classname="api.test.PetTests" time="0.543">
    <system-out><![CDATA[HTTP/1.1 200 OK
Date: Sat, 31 Aug 2024 02:49:50 GMT
Content-Type: application/json
Transfer-Encoding: chunked
Connection: keep-alive
Access-Control-Allow-Origin: *
Access-Control-Allow-Methods: GET, POST, DELETE, PUT
Access-Control-Allow-Headers: Content-Type, api_key, Authorization
Server: Jetty(9.2.9.v20150224)

{
    "id": 1398063054,
    "category": {
        "id": 1634387050,
        "name": "Paul Hauck"
    },
    "name": "Gertrudis Breitenberg",
    "photoUrls": [
        "https://klike.net/uploads/posts/2023-01/1675061232_3-62.jpg",
        "two.jpg",
        "three.jpg"
    ],
    "tags": [
        {
            "id": 110197684,
            "name": "Mrs. Raylene Thompson"
        },
        {
            "id": 1545308588,
            "name": "Jada Reichel Jr."
        },
        {
            "id": 411825368,
            "name": "Marcus Harber MD"
        }
    ],
    "status": "pending"
}
Response for Getting Pet By ID is: {"id":1398063054,"category":{"id":1634387050,"name":"Paul Hauck"},"name":"Gertrudis Breitenberg","photoUrls":["https://klike.net/uploads/posts/2023-01/1675061232_3-62.jpg","two.jpg","three.jpg"],"tags":[{"id":110197684,"name":"Mrs. Raylene Thompson"},{"id":1545308588,"name":"Jada Reichel Jr."},{"id":411825368,"name":"Marcus Harber MD"}],"status":"pending"}
]]></system-out>
  </testcase>
  <testcase name="TestPutPet" classname="api.test.PetTests" time="0.553">
    <system-out><![CDATA[HTTP/1.1 200 OK
Date: Sat, 31 Aug 2024 02:49:51 GMT
Content-Type: application/json
Transfer-Encoding: chunked
Connection: keep-alive
Access-Control-Allow-Origin: *
Access-Control-Allow-Methods: GET, POST, DELETE, PUT
Access-Control-Allow-Headers: Content-Type, api_key, Authorization
Server: Jetty(9.2.9.v20150224)

{
    "id": 1398063054,
    "category": {
        "id": 1634387050,
        "name": "Paul Hauck"
    },
    "name": "Deloise Hermiston",
    "photoUrls": [
        "https://klike.net/uploads/posts/2023-01/1675061232_3-62.jpg",
        "two.jpg",
        "three.jpg"
    ],
    "tags": [
        {
            "id": 110197684,
            "name": "Mrs. Raylene Thompson"
        },
        {
            "id": 1545308588,
            "name": "Elmo Miller"
        },
        {
            "id": 411825368,
            "name": "Marcus Harber MD"
        }
    ],
    "status": "sold"
}
Response Body for Put pet API call: {"id":1398063054,"category":{"id":1634387050,"name":"Paul Hauck"},"name":"Deloise Hermiston","photoUrls":["https://klike.net/uploads/posts/2023-01/1675061232_3-62.jpg","two.jpg","three.jpg"],"tags":[{"id":110197684,"name":"Mrs. Raylene Thompson"},{"id":1545308588,"name":"Elmo Miller"},{"id":411825368,"name":"Marcus Harber MD"}],"status":"sold"}
]]></system-out>
  </testcase>
  <testcase name="UpdatePetFormdata" classname="api.test.PetTests" time="0.556">
    <system-out><![CDATA[name_v: Alva Quigley PhD
HTTP/1.1 200 OK
Date: Sat, 31 Aug 2024 02:49:51 GMT
Content-Type: application/json
Transfer-Encoding: chunked
Connection: keep-alive
Access-Control-Allow-Origin: *
Access-Control-Allow-Methods: GET, POST, DELETE, PUT
Access-Control-Allow-Headers: Content-Type, api_key, Authorization
Server: Jetty(9.2.9.v20150224)

{
    "code": 200,
    "type": "unknown",
    "message": "1398063054"
}
Response Body for updated Pet is: {"code":200,"type":"unknown","message":"1398063054"}
]]></system-out>
  </testcase>
  <testcase name="TestDeletePetByPetID" classname="api.test.PetTests" time="0.573">
    <system-out><![CDATA[HTTP/1.1 200 OK
Date: Sat, 31 Aug 2024 02:49:52 GMT
Content-Type: application/json
Transfer-Encoding: chunked
Connection: keep-alive
Access-Control-Allow-Origin: *
Access-Control-Allow-Methods: GET, POST, DELETE, PUT
Access-Control-Allow-Headers: Content-Type, api_key, Authorization
Server: Jetty(9.2.9.v20150224)

{
    "code": 200,
    "type": "unknown",
    "message": "1398063054"
}
Response Body for updated Pet is: {"code":200,"type":"unknown","message":"1398063054"}
]]></system-out>
  </testcase>
  <testcase name="TestPostStoreOrder" classname="api.test.StoreTests" time="0.749">
    <system-out><![CDATA[status_value: available
HTTP/1.1 200 OK
Date: Sat, 31 Aug 2024 02:49:53 GMT
Content-Type: application/json
Transfer-Encoding: chunked
Connection: keep-alive
Access-Control-Allow-Origin: *
Access-Control-Allow-Methods: GET, POST, DELETE, PUT
Access-Control-Allow-Headers: Content-Type, api_key, Authorization
Server: Jetty(9.2.9.v20150224)

{
    "id": 430380834,
    "petId": 430380834,
    "quantity": 430380834,
    "shipDate": "2024-08-31T02:49:51.345+0000",
    "status": "available",
    "complete": true
}
Response Body is: {"id":430380834,"petId":430380834,"quantity":430380834,"shipDate":"2024-08-31T02:49:51.345+0000","status":"available","complete":true}
]]></system-out>
  </testcase>
  <testcase name="TestGetStoreInventory" classname="api.test.StoreTests" time="0.55">
    <system-out><![CDATA[HTTP/1.1 200 OK
Date: Sat, 31 Aug 2024 02:49:53 GMT
Content-Type: application/json
Transfer-Encoding: chunked
Connection: keep-alive
Access-Control-Allow-Origin: *
Access-Control-Allow-Methods: GET, POST, DELETE, PUT
Access-Control-Allow-Headers: Content-Type, api_key, Authorization
Server: Jetty(9.2.9.v20150224)

{
    " ": 1,
    "sold": 3,
    "Buckinghamshire": 1,
    "SOLD": 1,
    "string": 738,
    "pending": 2,
    "available": 248,
    "sold\n": 1
}
Response for Pet Store Inventory is: {" ":1,"sold":3,"Buckinghamshire":1,"SOLD":1,"string":738,"pending":2,"available":248,"sold\n":1}
]]></system-out>
  </testcase>
  <testcase name="TestGetOrderByID" classname="api.test.StoreTests" time="0.556">
    <system-out><![CDATA[HTTP/1.1 200 OK
Date: Sat, 31 Aug 2024 02:49:54 GMT
Content-Type: application/json
Transfer-Encoding: chunked
Connection: keep-alive
Access-Control-Allow-Origin: *
Access-Control-Allow-Methods: GET, POST, DELETE, PUT
Access-Control-Allow-Headers: Content-Type, api_key, Authorization
Server: Jetty(9.2.9.v20150224)

{
    "id": 430380834,
    "petId": 430380834,
    "quantity": 430380834,
    "shipDate": "2024-08-31T02:49:51.345+0000",
    "status": "available",
    "complete": true
}
Response for Getting Pet Order By ID is: {"id":430380834,"petId":430380834,"quantity":430380834,"shipDate":"2024-08-31T02:49:51.345+0000","status":"available","complete":true}
]]></system-out>
  </testcase>
  <testcase name="TestDeleteOrderByOrderID" classname="api.test.StoreTests" time="0.592">
    <system-out><![CDATA[HTTP/1.1 200 OK
Date: Sat, 31 Aug 2024 02:49:54 GMT
Content-Type: application/json
Transfer-Encoding: chunked
Connection: keep-alive
Access-Control-Allow-Origin: *
Access-Control-Allow-Methods: GET, POST, DELETE, PUT
Access-Control-Allow-Headers: Content-Type, api_key, Authorization
Server: Jetty(9.2.9.v20150224)

{
    "code": 200,
    "type": "unknown",
    "message": "430380834"
}
Response Body for Deleted Order is: {"code":200,"type":"unknown","message":"430380834"}
]]></system-out>
  </testcase>
</testsuite>