<?xml version="1.0" encoding="UTF-8"?>
<!-- Generated by org.testng.reporters.JUnitReportReporter -->
<testsuite hostname="SansreeIrvine" failures="0" tests="2" name="api.test.UserTests3" time="4.669" errors="0" timestamp="2024-08-25T23:56:16 PDT" skipped="0">
  <testcase classname="api.test.UserTests3" name="TestPostUserWithArray" time="2.879"/>
  <testcase classname="api.test.UserTests3" name="TestGetListUserByName" time="1.790"/>
</testsuite> <!-- api.test.UserTests3 -->
