<?xml version="1.0" encoding="UTF-8"?>
<!-- Generated by org.testng.reporters.JUnitReportReporter -->
<testsuite hostname="SansreeIrvine" failures="0" tests="4" name="api.test.UserTests2" time="5.283" errors="0" timestamp="2024-08-25T21:11:25 PDT" skipped="0">
  <testcase classname="api.test.UserTests2" name="TestPostUser" time="2.824"/>
  <testcase classname="api.test.UserTests2" name="TestGetUserByName" time="0.647"/>
  <testcase classname="api.test.UserTests2" name="TestUpdateByUserName" time="1.240"/>
  <testcase classname="api.test.UserTests2" name="TestDeleteByUserName" time="0.572"/>
</testsuite> <!-- api.test.UserTests2 -->
