<?xml version="1.0" encoding="UTF-8"?>
<!-- Generated by org.testng.reporters.JUnitReportReporter -->
<testsuite hostname="SansreeIrvine" failures="0" tests="8" name="api.test.UserTests" time="9.696" errors="0" timestamp="2024-08-27T20:07:07 PDT" skipped="0">
  <testcase classname="api.test.UserTests" name="TestPostUser" time="2.776"/>
  <testcase classname="api.test.UserTests" name="TestGetUserByName" time="0.586"/>
  <testcase classname="api.test.UserTests" name="TestUpdateByUserName" time="1.158"/>
  <testcase classname="api.test.UserTests" name="TestPostUserWithList" time="0.546"/>
  <testcase classname="api.test.UserTests" name="TestPostUserWithArray" time="0.587"/>
  <testcase classname="api.test.UserTests" name="TestGetListUserByName" time="1.697"/>
  <testcase classname="api.test.UserTests" name="TestGetArrayUserByName" time="1.776"/>
  <testcase classname="api.test.UserTests" name="TestDeleteByUserName" time="0.570"/>
</testsuite> <!-- api.test.UserTests -->
