<?xml version="1.0" encoding="UTF-8"?>
<!-- Generated by org.testng.reporters.JUnitReportReporter -->
<testsuite hostname="SansreeIrvine" failures="0" tests="4" name="api.test.StoreTests" time="2.223" errors="0" timestamp="2024-08-30T19:50:31 PDT" skipped="0">
  <testcase classname="api.test.StoreTests" name="TestPostStoreOrder" time="0.531"/>
  <testcase classname="api.test.StoreTests" name="TestGetStoreInventory" time="0.580"/>
  <testcase classname="api.test.StoreTests" name="TestGetOrderByID" time="0.568"/>
  <testcase classname="api.test.StoreTests" name="TestDeleteOrderByOrderID" time="0.544"/>
</testsuite> <!-- api.test.StoreTests -->
