<?xml version="1.0" encoding="UTF-8"?>
<!-- Generated by org.testng.reporters.JUnitReportReporter -->
<testsuite hostname="SansreeIrvine" failures="0" tests="7" name="api.test.PetTests" time="3.971" errors="0" timestamp="2024-08-30T19:50:31 PDT" skipped="0">
  <testcase classname="api.test.PetTests" name="UploadPetImage" time="0.623"/>
  <testcase classname="api.test.PetTests" name="TestPostPet" time="0.570"/>
  <testcase classname="api.test.PetTests" name="TestGetPetByStatus" time="0.571"/>
  <testcase classname="api.test.PetTests" name="TestGetPetByID" time="0.519"/>
  <testcase classname="api.test.PetTests" name="TestPutPet" time="0.569"/>
  <testcase classname="api.test.PetTests" name="UpdatePetFormdata" time="0.564"/>
  <testcase classname="api.test.PetTests" name="TestDeletePetByPetID" time="0.555"/>
</testsuite> <!-- api.test.PetTests -->
