<?xml version="1.0" encoding="UTF-8"?>
<!-- Generated by org.testng.reporters.JUnitReportReporter -->
<testsuite hostname="SansreeIrvine" failures="0" tests="6" name="api.test.DDTests" time="6.126" errors="0" timestamp="2024-08-22T13:16:29 PDT" skipped="0">
  <testcase classname="api.test.DDTests" name="TestPostUser" time="3.001"/>
  <testcase classname="api.test.DDTests" name="TestPostUser" time="0.595"/>
  <testcase classname="api.test.DDTests" name="TestPostUser" time="0.609"/>
  <testcase classname="api.test.DDTests" name="testDeleteByUserName" time="0.577"/>
  <testcase classname="api.test.DDTests" name="testDeleteByUserName" time="0.747"/>
  <testcase classname="api.test.DDTests" name="testDeleteByUserName" time="0.597"/>
</testsuite> <!-- api.test.DDTests -->
