<?xml version="1.0" encoding="UTF-8"?>
<!-- Generated by org.testng.reporters.JUnitReportReporter -->
<testsuite hostname="SansreeIrvine" failures="0" tests="8" name="api.test.UserTests" time="9.765" errors="0" timestamp="2024-08-30T19:50:31 PDT" skipped="0">
  <testcase classname="api.test.UserTests" name="TestPostUser" time="2.861"/>
  <testcase classname="api.test.UserTests" name="TestGetUserByName" time="0.538"/>
  <testcase classname="api.test.UserTests" name="TestUpdateByUserName" time="1.082"/>
  <testcase classname="api.test.UserTests" name="TestPostUserWithList" time="0.532"/>
  <testcase classname="api.test.UserTests" name="TestPostUserWithArray" time="0.579"/>
  <testcase classname="api.test.UserTests" name="TestGetListUserByName" time="1.616"/>
  <testcase classname="api.test.UserTests" name="TestGetArrayUserByName" time="1.906"/>
  <testcase classname="api.test.UserTests" name="TestDeleteByUserName" time="0.651"/>
</testsuite> <!-- api.test.UserTests -->
