<?xml version="1.0" encoding="UTF-8"?>
<!-- Generated by org.testng.reporters.JUnitReportReporter -->
<testsuite hostname="SansreeIrvine" failures="0" tests="7" name="api.test.PetTests" time="6.320" errors="0" timestamp="2024-08-30T19:49:54 PDT" skipped="0">
  <testcase classname="api.test.PetTests" name="UploadPetImage" time="2.782"/>
  <testcase classname="api.test.PetTests" name="TestPostPet" time="0.714"/>
  <testcase classname="api.test.PetTests" name="TestGetPetByStatus" time="0.602"/>
  <testcase classname="api.test.PetTests" name="TestGetPetByID" time="0.543"/>
  <testcase classname="api.test.PetTests" name="TestPutPet" time="0.550"/>
  <testcase classname="api.test.PetTests" name="UpdatePetFormdata" time="0.560"/>
  <testcase classname="api.test.PetTests" name="TestDeletePetByPetID" time="0.569"/>
</testsuite> <!-- api.test.PetTests -->
