<?xml version="1.0" encoding="UTF-8"?>
<!-- Generated by org.testng.reporters.JUnitReportReporter -->
<testsuite hostname="SansreeIrvine" failures="0" tests="4" name="api.test.StoreTests" time="2.443" errors="0" timestamp="2024-08-30T19:49:54 PDT" skipped="0">
  <testcase classname="api.test.StoreTests" name="TestPostStoreOrder" time="0.753"/>
  <testcase classname="api.test.StoreTests" name="TestGetStoreInventory" time="0.549"/>
  <testcase classname="api.test.StoreTests" name="TestGetOrderByID" time="0.553"/>
  <testcase classname="api.test.StoreTests" name="TestDeleteOrderByOrderID" time="0.588"/>
</testsuite> <!-- api.test.StoreTests -->
